Replace Part C1 C0805C104K5RAC7411 in D:\Users\javi_\GitHub\LED_Driver_Deco\2022_02_11_LED_Driver_PCB\main.SchDoc with C0805C104K5RAC7411 from Schlib1.SchLib
Replace Part C2 C0805C104K5RAC7411 in D:\Users\javi_\GitHub\LED_Driver_Deco\2022_02_11_LED_Driver_PCB\main.SchDoc with C0805C104K5RAC7411 from Schlib1.SchLib
Replace Part C3 08055A4R3CAT2A in D:\Users\javi_\GitHub\LED_Driver_Deco\2022_02_11_LED_Driver_PCB\main.SchDoc with 08055A4R3CAT2A from Schlib1.SchLib
Replace Part C4 08055A4R3CAT2A in D:\Users\javi_\GitHub\LED_Driver_Deco\2022_02_11_LED_Driver_PCB\main.SchDoc with 08055A4R3CAT2A from Schlib1.SchLib
Replace Part C5 C0805C104K5RAC7411 in D:\Users\javi_\GitHub\LED_Driver_Deco\2022_02_11_LED_Driver_PCB\main.SchDoc with C0805C104K5RAC7411 from Schlib1.SchLib
Replace Part C6 C0805C104K5RAC7411 in D:\Users\javi_\GitHub\LED_Driver_Deco\2022_02_11_LED_Driver_PCB\main.SchDoc with C0805C104K5RAC7411 from Schlib1.SchLib
Replace Part C7 885012107015 in D:\Users\javi_\GitHub\LED_Driver_Deco\2022_02_11_LED_Driver_PCB\main.SchDoc with 885012107015 from Schlib1.SchLib
Replace Part C8 885012107015 in D:\Users\javi_\GitHub\LED_Driver_Deco\2022_02_11_LED_Driver_PCB\main.SchDoc with 885012107015 from Schlib1.SchLib
Replace Part C9 C0805C104K5RAC7411 in D:\Users\javi_\GitHub\LED_Driver_Deco\2022_02_11_LED_Driver_PCB\main.SchDoc with C0805C104K5RAC7411 from Schlib1.SchLib
Replace Part CN1 920-E52A2021S10100 in D:\Users\javi_\GitHub\LED_Driver_Deco\2022_02_11_LED_Driver_PCB\main.SchDoc with 920-E52A2021S10100 from Schlib1.SchLib
Replace Part IC1 STM32L031K6T6 in D:\Users\javi_\GitHub\LED_Driver_Deco\2022_02_11_LED_Driver_PCB\main.SchDoc with STM32L031K6T6 from Schlib1.SchLib
Replace Part IC2 BU33SD5WG-TR in D:\Users\javi_\GitHub\LED_Driver_Deco\2022_02_11_LED_Driver_PCB\main.SchDoc with BU33SD5WG-TR from Schlib1.SchLib
Replace Part IC3 TB67H450FNG,EL in D:\Users\javi_\GitHub\LED_Driver_Deco\2022_02_11_LED_Driver_PCB\main.SchDoc with TB67H450FNG,EL from Schlib1.SchLib
Replace Part J1 4PIN in D:\Users\javi_\GitHub\LED_Driver_Deco\2022_02_11_LED_Driver_PCB\main.SchDoc with 4PIN from Schlib1.SchLib
Replace Part J2 B2B-PH-K-S_LF__SN_ in D:\Users\javi_\GitHub\LED_Driver_Deco\2022_02_11_LED_Driver_PCB\main.SchDoc with B2B-PH-K-S_LF__SN_ from Schlib1.SchLib
Replace Part L1 742792030 in D:\Users\javi_\GitHub\LED_Driver_Deco\2022_02_11_LED_Driver_PCB\main.SchDoc with 742792030 from Schlib1.SchLib
Replace Part LED1 APT2012LZGCK in D:\Users\javi_\GitHub\LED_Driver_Deco\2022_02_11_LED_Driver_PCB\main.SchDoc with APT2012LZGCK from Schlib1.SchLib
Replace Part R1 RC0805FR-071K8L in D:\Users\javi_\GitHub\LED_Driver_Deco\2022_02_11_LED_Driver_PCB\main.SchDoc with RC0805FR-071K8L from Schlib1.SchLib
Replace Part R2 RC0805FR-0710KL in D:\Users\javi_\GitHub\LED_Driver_Deco\2022_02_11_LED_Driver_PCB\main.SchDoc with RC0805FR-0710KL from Schlib1.SchLib
Replace Part SB1 RC0805FR-070RL in D:\Users\javi_\GitHub\LED_Driver_Deco\2022_02_11_LED_Driver_PCB\main.SchDoc with RC0805FR-070RL from Schlib1.SchLib
Replace Part SB2 RC0805FR-070RL in D:\Users\javi_\GitHub\LED_Driver_Deco\2022_02_11_LED_Driver_PCB\main.SchDoc with RC0805FR-070RL from Schlib1.SchLib
Replace Part SB3 RC0805FR-070RL in D:\Users\javi_\GitHub\LED_Driver_Deco\2022_02_11_LED_Driver_PCB\main.SchDoc with RC0805FR-070RL from Schlib1.SchLib
Replace Part SB4 RC0805FR-070RL in D:\Users\javi_\GitHub\LED_Driver_Deco\2022_02_11_LED_Driver_PCB\main.SchDoc with RC0805FR-070RL from Schlib1.SchLib
Replace Part SB5 RC0805FR-070RL in D:\Users\javi_\GitHub\LED_Driver_Deco\2022_02_11_LED_Driver_PCB\main.SchDoc with RC0805FR-070RL from Schlib1.SchLib
Replace Part SW1 EVP-BT3G4A000 in D:\Users\javi_\GitHub\LED_Driver_Deco\2022_02_11_LED_Driver_PCB\main.SchDoc with EVP-BT3G4A000 from Schlib1.SchLib
Replace Part TP1 TEST_POINT in D:\Users\javi_\GitHub\LED_Driver_Deco\2022_02_11_LED_Driver_PCB\main.SchDoc with TEST_POINT from Schlib1.SchLib
Replace Part TP2 TEST_POINT in D:\Users\javi_\GitHub\LED_Driver_Deco\2022_02_11_LED_Driver_PCB\main.SchDoc with TEST_POINT from Schlib1.SchLib
Replace Part TP3 TEST_POINT in D:\Users\javi_\GitHub\LED_Driver_Deco\2022_02_11_LED_Driver_PCB\main.SchDoc with TEST_POINT from Schlib1.SchLib
Replace Part TP4 TEST_POINT in D:\Users\javi_\GitHub\LED_Driver_Deco\2022_02_11_LED_Driver_PCB\main.SchDoc with TEST_POINT from Schlib1.SchLib
Replace Part X1 ABS07-32.768KHZ-9-T in D:\Users\javi_\GitHub\LED_Driver_Deco\2022_02_11_LED_Driver_PCB\main.SchDoc with ABS07-32.768KHZ-9-T from Schlib1.SchLib
