Removed Pin From Net: NetName=NetC8_2 Pin=SB4-1
Removed Pin From Net: NetName=3V3 Pin=SB4-2
Removed Member From Class: ClassName=main Member=J1
Removed Member From Class: ClassName=main Member=SB4
Change Component Designator: OldDesignator=C2 NewDesignator=C5
Change Component Designator: OldDesignator=C3 NewDesignator=C2
Change Component Designator: OldDesignator=C4 NewDesignator=C3
Change Component Designator: OldDesignator=C5 NewDesignator=C4
Change Component Designator: OldDesignator=IC2 NewDesignator=IC3
Change Component Designator: OldDesignator=IC3 NewDesignator=IC2
Change Component Designator: OldDesignator=SB1 NewDesignator=SB3
Change Component Designator: OldDesignator=SB3 NewDesignator=SB4
Change Net Name : Old Net Name=NetC3_1 New Net Name=NetC2_1
Change Net Name : Old Net Name=NetC4_2 New Net Name=NetC3_2
Change Net Name : Old Net Name=NetC5_2 New Net Name=NetC4_2
Added Pin To Net: NetName=NetIC1_8 Pin=IC1-8
Added Pin To Net: NetName=NetIC1_8 Pin=SB2-2
Added Net: Name=NetIC1_8
Added Pin To Net: NetName=PWM_A Pin=IC3-3
Added Net: Name=PWM_A
Added Pin To Net: NetName=PWM_B Pin=IC3-2
Added Pin To Net: NetName=PWM_B Pin=SB2-1
Added Net: Name=PWM_B
Added Pin To Net: NetName=SWCLK Pin=IC1-24
Added Net: Name=SWCLK
Added Pin To Net: NetName=SWDIO Pin=IC1-23
Added Net: Name=SWDIO
