Change Component Designator: Old Designator=C? New Designator=C1
Change Component Designator: Old Designator=C? New Designator=C2
Change Component Designator: Old Designator=C? New Designator=C3
Change Component Designator: Old Designator=C? New Designator=C4
Change Component Designator: Old Designator=C? New Designator=C5
Change Component Designator: Old Designator=C? New Designator=C6
Change Component Designator: Old Designator=C? New Designator=C7
Change Component Designator: Old Designator=C? New Designator=C8
Change Component Designator: Old Designator=C? New Designator=C9
Change Component Designator: Old Designator=CN? New Designator=CN1
Change Component Designator: Old Designator=IC2 New Designator=IC3
Change Component Designator: Old Designator=IC? New Designator=IC2
Change Component Designator: Old Designator=J? New Designator=J1
Change Component Designator: Old Designator=L? New Designator=L1
Change Component Designator: Old Designator=LED? New Designator=LED1
Change Component Designator: Old Designator=R? New Designator=R1
Change Component Designator: Old Designator=R? New Designator=R2
Change Component Designator: Old Designator=SB? New Designator=SB1
Change Component Designator: Old Designator=SB? New Designator=SB2
Change Component Designator: Old Designator=SB? New Designator=SB3
Change Component Designator: Old Designator=SB? New Designator=SB4
Change Component Designator: Old Designator=SW? New Designator=SW1
Change Component Designator: Old Designator=X? New Designator=X1
