Change Physical Footprint: Designator=C1 Old Footprint=CAPC2012X94N New Footprint=CAPC2012X94N
Change Physical Footprint: Designator=C2 Old Footprint=CAPC2012X94N New Footprint=CAPC2012X94N
Change Physical Footprint: Designator=C3 Old Footprint=CAPC2012X94N New Footprint=CAPC2012X94N
Change Physical Footprint: Designator=C4 Old Footprint=CAPC2012X94N New Footprint=CAPC2012X94N
Change Physical Footprint: Designator=C5 Old Footprint=CAPC2012X94N New Footprint=CAPC2012X94N
Change Physical Footprint: Designator=C6 Old Footprint=CAPC2012X94N New Footprint=CAPC2012X94N
Change Physical Footprint: Designator=C7 Old Footprint=CAPC2012X94N New Footprint=CAPC2012X94N
Change Physical Footprint: Designator=C8 Old Footprint=CAPC2012X135N New Footprint=CAPC2012X135N
Change Physical Footprint: Designator=C9 Old Footprint=CAPC2012X135N New Footprint=CAPC2012X135N
Change Physical Footprint: Designator=C10 Old Footprint=CAPC2012X94N New Footprint=CAPC2012X94N
Change Physical Footprint: Designator=C11 Old Footprint=CAPC2012X94N New Footprint=CAPC2012X94N
Change Physical Footprint: Designator=C12 Old Footprint=CAPC2012X94N New Footprint=CAPC2012X94N
Change Physical Footprint: Designator=C13 Old Footprint=CAPC2012X135N New Footprint=CAPC2012X135N
Change Physical Footprint: Designator=C14 Old Footprint=CAPC2012X135N New Footprint=CAPC2012X135N
Change Physical Footprint: Designator=CN1 Old Footprint=USB307530A New Footprint=USB307530A
Change Physical Footprint: Designator=IC1 Old Footprint=QFP80P900X900X160-32N New Footprint=QFP80P900X900X160-32N
Change Physical Footprint: Designator=IC2 Old Footprint=SOT95P280X125-5N New Footprint=SOT95P280X125-5N
Change Physical Footprint: Designator=IC3 Old Footprint=SOIC127P600X175-9N New Footprint=SOIC127P600X175-9N
Change Physical Footprint: Designator=J1 Old Footprint=5PIN New Footprint=5PIN
Change Physical Footprint: Designator=J2 Old Footprint=SHDR2W50P0X200_1X2_590X450X600P New Footprint=SHDR2W50P0X200_1X2_590X450X600P
Change Physical Footprint: Designator=L1 Old Footprint=RESC2012X60N New Footprint=RESC2012X60N
Change Physical Footprint: Designator=LED1 Old Footprint=LEDC2012X85N New Footprint=LEDC2012X85N
Change Physical Footprint: Designator=MH1 Old Footprint=MOUNTING_HOLE_NP New Footprint=MOUNTING_HOLE_NP
Change Physical Footprint: Designator=MH2 Old Footprint=MOUNTING_HOLE_NP New Footprint=MOUNTING_HOLE_NP
Change Physical Footprint: Designator=MH3 Old Footprint=MOUNTING_HOLE_NP New Footprint=MOUNTING_HOLE_NP
Change Physical Footprint: Designator=MH4 Old Footprint=MOUNTING_HOLE_NP New Footprint=MOUNTING_HOLE_NP
Change Physical Footprint: Designator=R1 Old Footprint=RESC2012X60N New Footprint=RESC2012X60N
Change Physical Footprint: Designator=R2 Old Footprint=RESC2012X60N New Footprint=RESC2012X60N
Change Physical Footprint: Designator=SB1 Old Footprint=RESC2012X60N New Footprint=RESC2012X60N
Change Physical Footprint: Designator=SB2 Old Footprint=RESC2012X60N New Footprint=RESC2012X60N
Change Physical Footprint: Designator=SB3 Old Footprint=RESC2012X60N New Footprint=RESC2012X60N
Change Physical Footprint: Designator=SB4 Old Footprint=RESC2012X60N New Footprint=RESC2012X60N
Change Physical Footprint: Designator=SB5 Old Footprint=RESC2012X60N New Footprint=RESC2012X60N
Change Physical Footprint: Designator=SB6 Old Footprint=RESC2012X60N New Footprint=RESC2012X60N
Change Physical Footprint: Designator=SW1 Old Footprint=EVP-BT3G4A000 New Footprint=EVP-BT3G4A000
Change Physical Footprint: Designator=TP1 Old Footprint=TEST_POINT New Footprint=TEST_POINT
Change Physical Footprint: Designator=TP2 Old Footprint=TEST_POINT New Footprint=TEST_POINT
Change Physical Footprint: Designator=TP3 Old Footprint=TEST_POINT New Footprint=TEST_POINT
Change Physical Footprint: Designator=TP4 Old Footprint=TEST_POINT New Footprint=TEST_POINT
Change Physical Footprint: Designator=TP5 Old Footprint=TEST_POINT New Footprint=TEST_POINT
Change Physical Footprint: Designator=X1 Old Footprint=ABS-07 New Footprint=ABS-07
